c:\users\falco\onedrive\desktop\final_project\final_project\x64\debug\vc143.pdb
c:\users\falco\onedrive\desktop\final_project\final_project\x64\debug\vc143.idb
c:\users\falco\onedrive\desktop\final_project\final_project\x64\debug\player.obj
c:\users\falco\onedrive\desktop\final_project\final_project\x64\debug\node.obj
c:\users\falco\onedrive\desktop\final_project\final_project\x64\debug\main.obj
c:\users\falco\onedrive\desktop\final_project\final_project\x64\debug\game.obj
c:\users\falco\onedrive\desktop\final_project\final_project\x64\debug\cargo_node.obj
c:\users\falco\onedrive\desktop\final_project\final_project\x64\debug\globals.obj
c:\users\falco\onedrive\desktop\final_project\final_project\x64\debug\conveyor.obj
c:\users\falco\onedrive\desktop\final_project\final_project\x64\debug\fried_node.obj
c:\users\falco\onedrive\desktop\final_project\final_project\x64\debug\laser_node.obj
c:\users\falco\onedrive\desktop\final_project\final_project\x64\debug\laser.obj
c:\users\falco\onedrive\desktop\final_project\final_project\x64\debug\final_project.ilk
c:\users\falco\onedrive\desktop\final_project\x64\debug\final_project.exe
c:\users\falco\onedrive\desktop\final_project\x64\debug\final_project.pdb
c:\users\falco\onedrive\desktop\final_project\final_project\x64\debug\final_project.tlog\cl.command.1.tlog
c:\users\falco\onedrive\desktop\final_project\final_project\x64\debug\final_project.tlog\cl.read.1.tlog
c:\users\falco\onedrive\desktop\final_project\final_project\x64\debug\final_project.tlog\cl.write.1.tlog
c:\users\falco\onedrive\desktop\final_project\final_project\x64\debug\final_project.tlog\link.command.1.tlog
c:\users\falco\onedrive\desktop\final_project\final_project\x64\debug\final_project.tlog\link.read.1.tlog
c:\users\falco\onedrive\desktop\final_project\final_project\x64\debug\final_project.tlog\link.write.1.tlog
